Arguments: 
  /usr/bin/nodejs /usr/bin/yarn install

PATH: 
  /usr/local/sbin:/usr/local/bin:/usr/sbin:/usr/bin:/sbin:/bin:/usr/games:/usr/local/games

Yarn version: 
  0.21.3

Node version: 
  6.10.1

Platform: 
  linux x64

npm manifest: 
  {
    "name": "newenv",
    "version": "1.0.0",
    "description": "Nothing much",
    "main": "index.js",
    "scripts": {
      "test": "echo \"Error: no test specified\" && exit 1",
      "start": "node server.js"
    },
    "repository": {
      "type": "git",
      "url": "git+https://github.com/manojkumargit/NewEnvironmentForReact.git"
    },
    "author": "Manoj",
    "license": "MIT",
    "bugs": {
      "url": "https://github.com/manojkumargit/NewEnvironmentForReact/issues"
    },
    "homepage": "https://github.com/manojkumargit/NewEnvironmentForReact#readme",
    "dependencies": {
      "autoprefixer-stylus": "^0.13.0",
      "axis": "^1.0.0",
      "babel-core": "^6.18.2",
      "babel-loader": "^6.2.8",
      "babel-preset-latest": "^6.16.0",
      "babel-preset-react": "^6.16.0",
      "babel-preset-stage-0": "^6.16.0",
      "css-loader": "^0.26.1",
      "express": "^4.14.0",
      "extract-text-webpack-plugin": "^1.0.1",
      "html-webpack-plugin": "^2.24.1",
      "jeet": "^7.1.0",
      "nib": "^1.1.2",
      "react": "^15.4.1",
      "react-dom": "^15.4.1",
      "react-hot-loader": "^1.3.1",
      "redbox-react": "^1.3.3",
      "rupture": "^0.6.2",
      "style-loader": "^0.13.1",
      "stylus": "^0.54.5",
      "stylus-loader": "^2.4.0",
      "webpack": "^1.13.3",
      "webpack-dev-middleware": "^1.8.4",
      "webpack-hot-middleware": "^2.13.2",
      "webpack-manifest-plugin": "^1.1.0"
    }
  }

yarn manifest: 
  No manifest

Lockfile: 
  No lockfile

Trace: 
  Error: http://registry.npmjs.org/webpack-manifest-plugin: Request "http://registry.npmjs.org/webpack-manifest-plugin" returned a 403
      at Request.params.callback [as _callback] (/usr/lib/node_modules/yarn/lib/util/request-manager.js:319:18)
      at Request.self.callback (/usr/lib/node_modules/yarn/node_modules/request/request.js:188:22)
      at emitTwo (events.js:106:13)
      at Request.emit (events.js:191:7)
      at Request.<anonymous> (/usr/lib/node_modules/yarn/node_modules/request/request.js:1171:10)
      at emitOne (events.js:96:13)
      at Request.emit (events.js:188:7)
      at IncomingMessage.<anonymous> (/usr/lib/node_modules/yarn/node_modules/request/request.js:1091:12)
      at IncomingMessage.g (events.js:291:16)
      at emitNone (events.js:91:20)
